This file contains any messages produced by compilers while
running configure, to aid debugging if configure makes a mistake.

It was created by configure, which was
generated by GNU Autoconf 2.69.  Invocation command line was

  $ ./configure --with-apr=/usr/local/apr

## --------- ##
## Platform. ##
## --------- ##

hostname = yaopingzhengdeMacBook-Pro.local
uname -m = x86_64
uname -r = 19.5.0
uname -s = Darwin
uname -v = Darwin Kernel Version 19.5.0: Tue May 26 20:41:44 PDT 2020; root:xnu-6153.121.2~2/RELEASE_X86_64

/usr/bin/uname -p = i386
/bin/uname -X     = unknown

/bin/arch              = unknown
/usr/bin/arch -k       = unknown
/usr/convex/getsysinfo = unknown
/usr/bin/hostinfo      = Mach kernel version:
	 Darwin Kernel Version 19.5.0: Tue May 26 20:41:44 PDT 2020; root:xnu-6153.121.2~2/RELEASE_X86_64
Kernel configured for up to 12 processors.
6 processors are physically available.
12 processors are logically available.
Processor type: x86_64h (Intel x86-64h Haswell)
Processors active: 0 1 2 3 4 5 6 7 8 9 10 11
Primary memory available: 32.00 gigabytes
Default processor set: 539 tasks, 2737 threads, 12 processors
Load average: 1.96, Mach factor: 10.03
/bin/machine           = unknown
/usr/bin/oslevel       = unknown
/bin/universe          = unknown

PATH: /Users/yaoping.zheng/.nvm/versions/node/v12.16.3/bin
PATH: /usr/local/bin
PATH: /usr/bin
PATH: /bin
PATH: /usr/sbin
PATH: /sbin
PATH: /Applications/VMware Fusion.app/Contents/Public
PATH: /usr/local/go/bin
PATH: /usr/local/share/dotnet
PATH: ~/.dotnet/tools
PATH: /Library/Apple/usr/bin
PATH: /Library/Frameworks/Mono.framework/Versions/Current/Commands
PATH: /Applications/Wireshark.app/Contents/MacOS


## ----------- ##
## Core tests. ##
## ----------- ##

configure:2594: checking build system type
configure:2608: result: x86_64-apple-darwin19.5.0
configure:2628: checking host system type
configure:2641: result: x86_64-apple-darwin19.5.0
configure:2661: checking target system type
configure:2674: result: x86_64-apple-darwin19.5.0
configure:2716: checking for a BSD-compatible install
configure:2784: result: /usr/bin/install -c
configure:2819: checking for working mkdir -p
configure:2835: result: yes
configure:2929: checking for chosen layout
configure:2931: result: apr-util
configure:3103: checking for gcc
configure:3119: found /usr/bin/gcc
configure:3130: result: gcc
configure:3359: checking for C compiler version
configure:3368: gcc --version >&5
Apple clang version 11.0.3 (clang-1103.0.32.62)
Target: x86_64-apple-darwin19.5.0
Thread model: posix
InstalledDir: /Applications/Xcode.app/Contents/Developer/Toolchains/XcodeDefault.xctoolchain/usr/bin
Configured with: --prefix=/Applications/Xcode.app/Contents/Developer/usr --with-gxx-include-dir=/Applications/Xcode.app/Contents/Developer/Platforms/MacOSX.platform/Developer/SDKs/MacOSX.sdk/usr/include/c++/4.2.1
configure:3379: $? = 0
configure:3368: gcc -v >&5
Configured with: --prefix=/Applications/Xcode.app/Contents/Developer/usr --with-gxx-include-dir=/Applications/Xcode.app/Contents/Developer/Platforms/MacOSX.platform/Developer/SDKs/MacOSX.sdk/usr/include/c++/4.2.1
Apple clang version 11.0.3 (clang-1103.0.32.62)
Target: x86_64-apple-darwin19.5.0
Thread model: posix
InstalledDir: /Applications/Xcode.app/Contents/Developer/Toolchains/XcodeDefault.xctoolchain/usr/bin
configure:3379: $? = 0
configure:3368: gcc -V >&5
clang: error: unsupported option '-V -Wno-objc-signed-char-bool-implicit-int-conversion'
clang: error: no input files
configure:3379: $? = 1
configure:3368: gcc -qversion >&5
clang: error: unknown argument '-qversion'; did you mean '--version'?
clang: error: no input files
configure:3379: $? = 1
configure:3399: checking whether the C compiler works
configure:3421: gcc    conftest.c  >&5
configure:3425: $? = 0
configure:3473: result: yes
configure:3476: checking for C compiler default output file name
configure:3478: result: a.out
configure:3484: checking for suffix of executables
configure:3491: gcc -o conftest    conftest.c  >&5
configure:3495: $? = 0
configure:3517: result: 
configure:3539: checking whether we are cross compiling
configure:3547: gcc -o conftest    conftest.c  >&5
configure:3551: $? = 0
configure:3558: ./conftest
configure:3562: $? = 0
configure:3577: result: no
configure:3582: checking for suffix of object files
configure:3604: gcc -c   conftest.c >&5
configure:3608: $? = 0
configure:3629: result: o
configure:3633: checking whether we are using the GNU C compiler
configure:3652: gcc -c   conftest.c >&5
configure:3652: $? = 0
configure:3661: result: yes
configure:3670: checking whether gcc accepts -g
configure:3690: gcc -c -g  conftest.c >&5
configure:3690: $? = 0
configure:3731: result: yes
configure:3748: checking for gcc option to accept ISO C89
configure:3811: gcc  -c -g -O2  conftest.c >&5
configure:3811: $? = 0
configure:3824: result: none needed
configure:4001: checking for APR
configure:4080: result: yes
configure:4347: checking how to run the C preprocessor
configure:4417: result: gcc -E
configure:4437: gcc -E  -DDARWIN -DSIGPROCMASK_SETS_THREAD_MASK -DDARWIN_10 conftest.c
configure:4437: $? = 0
configure:4451: gcc -E  -DDARWIN -DSIGPROCMASK_SETS_THREAD_MASK -DDARWIN_10 conftest.c
conftest.c:9:10: fatal error: 'ac_nonexistent.h' file not found
#include <ac_nonexistent.h>
         ^~~~~~~~~~~~~~~~~~
1 error generated.
configure:4451: $? = 1
configure: failed program was:
| /* confdefs.h */
| #define PACKAGE_NAME ""
| #define PACKAGE_TARNAME ""
| #define PACKAGE_VERSION ""
| #define PACKAGE_STRING ""
| #define PACKAGE_BUGREPORT ""
| #define PACKAGE_URL ""
| /* end confdefs.h.  */
| #include <ac_nonexistent.h>
configure:4480: checking for grep that handles long lines and -e
configure:4538: result: /usr/bin/grep
configure:4543: checking for egrep
configure:4605: result: /usr/bin/grep -E
configure:4610: checking for ANSI C header files
configure:4630: gcc -c -g -O2  -DDARWIN -DSIGPROCMASK_SETS_THREAD_MASK -DDARWIN_10 conftest.c >&5
configure:4630: $? = 0
configure:4703: gcc -o conftest -g -O2  -DDARWIN -DSIGPROCMASK_SETS_THREAD_MASK -DDARWIN_10  conftest.c  >&5
configure:4703: $? = 0
configure:4703: ./conftest
configure:4703: $? = 0
configure:4714: result: yes
configure:4727: checking for sys/types.h
configure:4727: gcc -c -g -O2  -DDARWIN -DSIGPROCMASK_SETS_THREAD_MASK -DDARWIN_10 conftest.c >&5
configure:4727: $? = 0
configure:4727: result: yes
configure:4727: checking for sys/stat.h
configure:4727: gcc -c -g -O2  -DDARWIN -DSIGPROCMASK_SETS_THREAD_MASK -DDARWIN_10 conftest.c >&5
configure:4727: $? = 0
configure:4727: result: yes
configure:4727: checking for stdlib.h
configure:4727: gcc -c -g -O2  -DDARWIN -DSIGPROCMASK_SETS_THREAD_MASK -DDARWIN_10 conftest.c >&5
configure:4727: $? = 0
configure:4727: result: yes
configure:4727: checking for string.h
configure:4727: gcc -c -g -O2  -DDARWIN -DSIGPROCMASK_SETS_THREAD_MASK -DDARWIN_10 conftest.c >&5
configure:4727: $? = 0
configure:4727: result: yes
configure:4727: checking for memory.h
configure:4727: gcc -c -g -O2  -DDARWIN -DSIGPROCMASK_SETS_THREAD_MASK -DDARWIN_10 conftest.c >&5
configure:4727: $? = 0
configure:4727: result: yes
configure:4727: checking for strings.h
configure:4727: gcc -c -g -O2  -DDARWIN -DSIGPROCMASK_SETS_THREAD_MASK -DDARWIN_10 conftest.c >&5
configure:4727: $? = 0
configure:4727: result: yes
configure:4727: checking for inttypes.h
configure:4727: gcc -c -g -O2  -DDARWIN -DSIGPROCMASK_SETS_THREAD_MASK -DDARWIN_10 conftest.c >&5
configure:4727: $? = 0
configure:4727: result: yes
configure:4727: checking for stdint.h
configure:4727: gcc -c -g -O2  -DDARWIN -DSIGPROCMASK_SETS_THREAD_MASK -DDARWIN_10 conftest.c >&5
configure:4727: $? = 0
configure:4727: result: yes
configure:4727: checking for unistd.h
configure:4727: gcc -c -g -O2  -DDARWIN -DSIGPROCMASK_SETS_THREAD_MASK -DDARWIN_10 conftest.c >&5
configure:4727: $? = 0
configure:4727: result: yes
configure:18781: checking for default DBM
configure:18783: result: sdbm (default)
configure:19633: checking for pg_config
configure:19666: result: no
configure:19721: checking libpq-fe.h usability
configure:19721: gcc -c -g -O2  -DDARWIN -DSIGPROCMASK_SETS_THREAD_MASK -DDARWIN_10 conftest.c >&5
conftest.c:52:10: fatal error: 'libpq-fe.h' file not found
#include <libpq-fe.h>
         ^~~~~~~~~~~~
1 error generated.
configure:19721: $? = 1
configure: failed program was:
| /* confdefs.h */
| #define PACKAGE_NAME ""
| #define PACKAGE_TARNAME ""
| #define PACKAGE_VERSION ""
| #define PACKAGE_STRING ""
| #define PACKAGE_BUGREPORT ""
| #define PACKAGE_URL ""
| #define STDC_HEADERS 1
| #define HAVE_SYS_TYPES_H 1
| #define HAVE_SYS_STAT_H 1
| #define HAVE_STDLIB_H 1
| #define HAVE_STRING_H 1
| #define HAVE_MEMORY_H 1
| #define HAVE_STRINGS_H 1
| #define HAVE_INTTYPES_H 1
| #define HAVE_STDINT_H 1
| #define HAVE_UNISTD_H 1
| /* end confdefs.h.  */
| #include <stdio.h>
| #ifdef HAVE_SYS_TYPES_H
| # include <sys/types.h>
| #endif
| #ifdef HAVE_SYS_STAT_H
| # include <sys/stat.h>
| #endif
| #ifdef STDC_HEADERS
| # include <stdlib.h>
| # include <stddef.h>
| #else
| # ifdef HAVE_STDLIB_H
| #  include <stdlib.h>
| # endif
| #endif
| #ifdef HAVE_STRING_H
| # if !defined STDC_HEADERS && defined HAVE_MEMORY_H
| #  include <memory.h>
| # endif
| # include <string.h>
| #endif
| #ifdef HAVE_STRINGS_H
| # include <strings.h>
| #endif
| #ifdef HAVE_INTTYPES_H
| # include <inttypes.h>
| #endif
| #ifdef HAVE_STDINT_H
| # include <stdint.h>
| #endif
| #ifdef HAVE_UNISTD_H
| # include <unistd.h>
| #endif
| #include <libpq-fe.h>
configure:19721: result: no
configure:19721: checking libpq-fe.h presence
configure:19721: gcc -E  -DDARWIN -DSIGPROCMASK_SETS_THREAD_MASK -DDARWIN_10 conftest.c
conftest.c:19:10: fatal error: 'libpq-fe.h' file not found
#include <libpq-fe.h>
         ^~~~~~~~~~~~
1 error generated.
configure:19721: $? = 1
configure: failed program was:
| /* confdefs.h */
| #define PACKAGE_NAME ""
| #define PACKAGE_TARNAME ""
| #define PACKAGE_VERSION ""
| #define PACKAGE_STRING ""
| #define PACKAGE_BUGREPORT ""
| #define PACKAGE_URL ""
| #define STDC_HEADERS 1
| #define HAVE_SYS_TYPES_H 1
| #define HAVE_SYS_STAT_H 1
| #define HAVE_STDLIB_H 1
| #define HAVE_STRING_H 1
| #define HAVE_MEMORY_H 1
| #define HAVE_STRINGS_H 1
| #define HAVE_INTTYPES_H 1
| #define HAVE_STDINT_H 1
| #define HAVE_UNISTD_H 1
| /* end confdefs.h.  */
| #include <libpq-fe.h>
configure:19721: result: no
configure:19721: checking for libpq-fe.h
configure:19721: result: no
configure:19843: checking postgresql/libpq-fe.h usability
configure:19843: gcc -c -g -O2  -DDARWIN -DSIGPROCMASK_SETS_THREAD_MASK -DDARWIN_10 conftest.c >&5
conftest.c:52:10: fatal error: 'postgresql/libpq-fe.h' file not found
#include <postgresql/libpq-fe.h>
         ^~~~~~~~~~~~~~~~~~~~~~~
1 error generated.
configure:19843: $? = 1
configure: failed program was:
| /* confdefs.h */
| #define PACKAGE_NAME ""
| #define PACKAGE_TARNAME ""
| #define PACKAGE_VERSION ""
| #define PACKAGE_STRING ""
| #define PACKAGE_BUGREPORT ""
| #define PACKAGE_URL ""
| #define STDC_HEADERS 1
| #define HAVE_SYS_TYPES_H 1
| #define HAVE_SYS_STAT_H 1
| #define HAVE_STDLIB_H 1
| #define HAVE_STRING_H 1
| #define HAVE_MEMORY_H 1
| #define HAVE_STRINGS_H 1
| #define HAVE_INTTYPES_H 1
| #define HAVE_STDINT_H 1
| #define HAVE_UNISTD_H 1
| /* end confdefs.h.  */
| #include <stdio.h>
| #ifdef HAVE_SYS_TYPES_H
| # include <sys/types.h>
| #endif
| #ifdef HAVE_SYS_STAT_H
| # include <sys/stat.h>
| #endif
| #ifdef STDC_HEADERS
| # include <stdlib.h>
| # include <stddef.h>
| #else
| # ifdef HAVE_STDLIB_H
| #  include <stdlib.h>
| # endif
| #endif
| #ifdef HAVE_STRING_H
| # if !defined STDC_HEADERS && defined HAVE_MEMORY_H
| #  include <memory.h>
| # endif
| # include <string.h>
| #endif
| #ifdef HAVE_STRINGS_H
| # include <strings.h>
| #endif
| #ifdef HAVE_INTTYPES_H
| # include <inttypes.h>
| #endif
| #ifdef HAVE_STDINT_H
| # include <stdint.h>
| #endif
| #ifdef HAVE_UNISTD_H
| # include <unistd.h>
| #endif
| #include <postgresql/libpq-fe.h>
configure:19843: result: no
configure:19843: checking postgresql/libpq-fe.h presence
configure:19843: gcc -E  -DDARWIN -DSIGPROCMASK_SETS_THREAD_MASK -DDARWIN_10 conftest.c
conftest.c:19:10: fatal error: 'postgresql/libpq-fe.h' file not found
#include <postgresql/libpq-fe.h>
         ^~~~~~~~~~~~~~~~~~~~~~~
1 error generated.
configure:19843: $? = 1
configure: failed program was:
| /* confdefs.h */
| #define PACKAGE_NAME ""
| #define PACKAGE_TARNAME ""
| #define PACKAGE_VERSION ""
| #define PACKAGE_STRING ""
| #define PACKAGE_BUGREPORT ""
| #define PACKAGE_URL ""
| #define STDC_HEADERS 1
| #define HAVE_SYS_TYPES_H 1
| #define HAVE_SYS_STAT_H 1
| #define HAVE_STDLIB_H 1
| #define HAVE_STRING_H 1
| #define HAVE_MEMORY_H 1
| #define HAVE_STRINGS_H 1
| #define HAVE_INTTYPES_H 1
| #define HAVE_STDINT_H 1
| #define HAVE_UNISTD_H 1
| /* end confdefs.h.  */
| #include <postgresql/libpq-fe.h>
configure:19843: result: no
configure:19843: checking for postgresql/libpq-fe.h
configure:19843: result: no
configure:20739: checking sqlite3.h usability
configure:20739: gcc -c -g -O2  -DDARWIN -DSIGPROCMASK_SETS_THREAD_MASK -DDARWIN_10 conftest.c >&5
configure:20739: $? = 0
configure:20739: result: yes
configure:20739: checking sqlite3.h presence
configure:20739: gcc -E  -DDARWIN -DSIGPROCMASK_SETS_THREAD_MASK -DDARWIN_10 conftest.c
configure:20739: $? = 0
configure:20739: result: yes
configure:20739: checking for sqlite3.h
configure:20739: result: yes
configure:20744: checking for sqlite3_open in -lsqlite3
configure:20769: gcc -o conftest -g -O2  -DDARWIN -DSIGPROCMASK_SETS_THREAD_MASK -DDARWIN_10  conftest.c -lsqlite3   >&5
configure:20769: $? = 0
configure:20778: result: yes
configure:21017: checking sqlite.h usability
configure:21017: gcc -c -g -O2  -DDARWIN -DSIGPROCMASK_SETS_THREAD_MASK -DDARWIN_10 conftest.c >&5
conftest.c:53:10: fatal error: 'sqlite.h' file not found
#include <sqlite.h>
         ^~~~~~~~~~
1 error generated.
configure:21017: $? = 1
configure: failed program was:
| /* confdefs.h */
| #define PACKAGE_NAME ""
| #define PACKAGE_TARNAME ""
| #define PACKAGE_VERSION ""
| #define PACKAGE_STRING ""
| #define PACKAGE_BUGREPORT ""
| #define PACKAGE_URL ""
| #define STDC_HEADERS 1
| #define HAVE_SYS_TYPES_H 1
| #define HAVE_SYS_STAT_H 1
| #define HAVE_STDLIB_H 1
| #define HAVE_STRING_H 1
| #define HAVE_MEMORY_H 1
| #define HAVE_STRINGS_H 1
| #define HAVE_INTTYPES_H 1
| #define HAVE_STDINT_H 1
| #define HAVE_UNISTD_H 1
| #define HAVE_SQLITE3_H 1
| /* end confdefs.h.  */
| #include <stdio.h>
| #ifdef HAVE_SYS_TYPES_H
| # include <sys/types.h>
| #endif
| #ifdef HAVE_SYS_STAT_H
| # include <sys/stat.h>
| #endif
| #ifdef STDC_HEADERS
| # include <stdlib.h>
| # include <stddef.h>
| #else
| # ifdef HAVE_STDLIB_H
| #  include <stdlib.h>
| # endif
| #endif
| #ifdef HAVE_STRING_H
| # if !defined STDC_HEADERS && defined HAVE_MEMORY_H
| #  include <memory.h>
| # endif
| # include <string.h>
| #endif
| #ifdef HAVE_STRINGS_H
| # include <strings.h>
| #endif
| #ifdef HAVE_INTTYPES_H
| # include <inttypes.h>
| #endif
| #ifdef HAVE_STDINT_H
| # include <stdint.h>
| #endif
| #ifdef HAVE_UNISTD_H
| # include <unistd.h>
| #endif
| #include <sqlite.h>
configure:21017: result: no
configure:21017: checking sqlite.h presence
configure:21017: gcc -E  -DDARWIN -DSIGPROCMASK_SETS_THREAD_MASK -DDARWIN_10 conftest.c
conftest.c:20:10: fatal error: 'sqlite.h' file not found
#include <sqlite.h>
         ^~~~~~~~~~
1 error generated.
configure:21017: $? = 1
configure: failed program was:
| /* confdefs.h */
| #define PACKAGE_NAME ""
| #define PACKAGE_TARNAME ""
| #define PACKAGE_VERSION ""
| #define PACKAGE_STRING ""
| #define PACKAGE_BUGREPORT ""
| #define PACKAGE_URL ""
| #define STDC_HEADERS 1
| #define HAVE_SYS_TYPES_H 1
| #define HAVE_SYS_STAT_H 1
| #define HAVE_STDLIB_H 1
| #define HAVE_STRING_H 1
| #define HAVE_MEMORY_H 1
| #define HAVE_STRINGS_H 1
| #define HAVE_INTTYPES_H 1
| #define HAVE_STDINT_H 1
| #define HAVE_UNISTD_H 1
| #define HAVE_SQLITE3_H 1
| /* end confdefs.h.  */
| #include <sqlite.h>
configure:21017: result: no
configure:21017: checking for sqlite.h
configure:21017: result: no
configure:22237: checking for odbc_config
configure:22270: result: no
configure:22347: checking sql.h usability
configure:22347: gcc -c -g -O2  -DDARWIN -DSIGPROCMASK_SETS_THREAD_MASK -DDARWIN_10 conftest.c >&5
conftest.c:53:10: fatal error: 'sql.h' file not found
#include <sql.h>
         ^~~~~~~
1 error generated.
configure:22347: $? = 1
configure: failed program was:
| /* confdefs.h */
| #define PACKAGE_NAME ""
| #define PACKAGE_TARNAME ""
| #define PACKAGE_VERSION ""
| #define PACKAGE_STRING ""
| #define PACKAGE_BUGREPORT ""
| #define PACKAGE_URL ""
| #define STDC_HEADERS 1
| #define HAVE_SYS_TYPES_H 1
| #define HAVE_SYS_STAT_H 1
| #define HAVE_STDLIB_H 1
| #define HAVE_STRING_H 1
| #define HAVE_MEMORY_H 1
| #define HAVE_STRINGS_H 1
| #define HAVE_INTTYPES_H 1
| #define HAVE_STDINT_H 1
| #define HAVE_UNISTD_H 1
| #define HAVE_SQLITE3_H 1
| /* end confdefs.h.  */
| #include <stdio.h>
| #ifdef HAVE_SYS_TYPES_H
| # include <sys/types.h>
| #endif
| #ifdef HAVE_SYS_STAT_H
| # include <sys/stat.h>
| #endif
| #ifdef STDC_HEADERS
| # include <stdlib.h>
| # include <stddef.h>
| #else
| # ifdef HAVE_STDLIB_H
| #  include <stdlib.h>
| # endif
| #endif
| #ifdef HAVE_STRING_H
| # if !defined STDC_HEADERS && defined HAVE_MEMORY_H
| #  include <memory.h>
| # endif
| # include <string.h>
| #endif
| #ifdef HAVE_STRINGS_H
| # include <strings.h>
| #endif
| #ifdef HAVE_INTTYPES_H
| # include <inttypes.h>
| #endif
| #ifdef HAVE_STDINT_H
| # include <stdint.h>
| #endif
| #ifdef HAVE_UNISTD_H
| # include <unistd.h>
| #endif
| #include <sql.h>
configure:22347: result: no
configure:22347: checking sql.h presence
configure:22347: gcc -E  -DDARWIN -DSIGPROCMASK_SETS_THREAD_MASK -DDARWIN_10 conftest.c
conftest.c:20:10: fatal error: 'sql.h' file not found
#include <sql.h>
         ^~~~~~~
1 error generated.
configure:22347: $? = 1
configure: failed program was:
| /* confdefs.h */
| #define PACKAGE_NAME ""
| #define PACKAGE_TARNAME ""
| #define PACKAGE_VERSION ""
| #define PACKAGE_STRING ""
| #define PACKAGE_BUGREPORT ""
| #define PACKAGE_URL ""
| #define STDC_HEADERS 1
| #define HAVE_SYS_TYPES_H 1
| #define HAVE_SYS_STAT_H 1
| #define HAVE_STDLIB_H 1
| #define HAVE_STRING_H 1
| #define HAVE_MEMORY_H 1
| #define HAVE_STRINGS_H 1
| #define HAVE_INTTYPES_H 1
| #define HAVE_STDINT_H 1
| #define HAVE_UNISTD_H 1
| #define HAVE_SQLITE3_H 1
| /* end confdefs.h.  */
| #include <sql.h>
configure:22347: result: no
configure:22347: checking for sql.h
configure:22347: result: no
configure:22399: checking odbc/sql.h usability
configure:22399: gcc -c -g -O2  -DDARWIN -DSIGPROCMASK_SETS_THREAD_MASK -DDARWIN_10 conftest.c >&5
conftest.c:53:10: fatal error: 'odbc/sql.h' file not found
#include <odbc/sql.h>
         ^~~~~~~~~~~~
1 error generated.
configure:22399: $? = 1
configure: failed program was:
| /* confdefs.h */
| #define PACKAGE_NAME ""
| #define PACKAGE_TARNAME ""
| #define PACKAGE_VERSION ""
| #define PACKAGE_STRING ""
| #define PACKAGE_BUGREPORT ""
| #define PACKAGE_URL ""
| #define STDC_HEADERS 1
| #define HAVE_SYS_TYPES_H 1
| #define HAVE_SYS_STAT_H 1
| #define HAVE_STDLIB_H 1
| #define HAVE_STRING_H 1
| #define HAVE_MEMORY_H 1
| #define HAVE_STRINGS_H 1
| #define HAVE_INTTYPES_H 1
| #define HAVE_STDINT_H 1
| #define HAVE_UNISTD_H 1
| #define HAVE_SQLITE3_H 1
| /* end confdefs.h.  */
| #include <stdio.h>
| #ifdef HAVE_SYS_TYPES_H
| # include <sys/types.h>
| #endif
| #ifdef HAVE_SYS_STAT_H
| # include <sys/stat.h>
| #endif
| #ifdef STDC_HEADERS
| # include <stdlib.h>
| # include <stddef.h>
| #else
| # ifdef HAVE_STDLIB_H
| #  include <stdlib.h>
| # endif
| #endif
| #ifdef HAVE_STRING_H
| # if !defined STDC_HEADERS && defined HAVE_MEMORY_H
| #  include <memory.h>
| # endif
| # include <string.h>
| #endif
| #ifdef HAVE_STRINGS_H
| # include <strings.h>
| #endif
| #ifdef HAVE_INTTYPES_H
| # include <inttypes.h>
| #endif
| #ifdef HAVE_STDINT_H
| # include <stdint.h>
| #endif
| #ifdef HAVE_UNISTD_H
| # include <unistd.h>
| #endif
| #include <odbc/sql.h>
configure:22399: result: no
configure:22399: checking odbc/sql.h presence
configure:22399: gcc -E  -DDARWIN -DSIGPROCMASK_SETS_THREAD_MASK -DDARWIN_10 conftest.c
conftest.c:20:10: fatal error: 'odbc/sql.h' file not found
#include <odbc/sql.h>
         ^~~~~~~~~~~~
1 error generated.
configure:22399: $? = 1
configure: failed program was:
| /* confdefs.h */
| #define PACKAGE_NAME ""
| #define PACKAGE_TARNAME ""
| #define PACKAGE_VERSION ""
| #define PACKAGE_STRING ""
| #define PACKAGE_BUGREPORT ""
| #define PACKAGE_URL ""
| #define STDC_HEADERS 1
| #define HAVE_SYS_TYPES_H 1
| #define HAVE_SYS_STAT_H 1
| #define HAVE_STDLIB_H 1
| #define HAVE_STRING_H 1
| #define HAVE_MEMORY_H 1
| #define HAVE_STRINGS_H 1
| #define HAVE_INTTYPES_H 1
| #define HAVE_STDINT_H 1
| #define HAVE_UNISTD_H 1
| #define HAVE_SQLITE3_H 1
| /* end confdefs.h.  */
| #include <odbc/sql.h>
configure:22399: result: no
configure:22399: checking for odbc/sql.h
configure:22399: result: no
configure:22628: checking Expat 1.95.x
configure:22648: gcc -o conftest -g -O2  -DDARWIN -DSIGPROCMASK_SETS_THREAD_MASK -DDARWIN_10  conftest.c  -lexpat >&5
configure:22648: $? = 0
configure:22658: result: yes
configure:23156: checking iconv.h usability
configure:23156: gcc -c -g -O2  -DDARWIN -DSIGPROCMASK_SETS_THREAD_MASK -DDARWIN_10 conftest.c >&5
configure:23156: $? = 0
configure:23156: result: yes
configure:23156: checking iconv.h presence
configure:23156: gcc -E  -DDARWIN -DSIGPROCMASK_SETS_THREAD_MASK -DDARWIN_10 conftest.c
configure:23156: $? = 0
configure:23156: result: yes
configure:23156: checking for iconv.h
configure:23156: result: yes
configure:23177: gcc -o conftest -g -O2  -DDARWIN -DSIGPROCMASK_SETS_THREAD_MASK -DDARWIN_10  conftest.c  >&5
Undefined symbols for architecture x86_64:
  "_iconv", referenced from:
      _main in conftest-45eb04.o
  "_iconv_open", referenced from:
      _main in conftest-45eb04.o
ld: symbol(s) not found for architecture x86_64
clang: error: linker command failed with exit code 1 (use -v to see invocation)
configure:23177: $? = 1
configure: failed program was:
| /* confdefs.h */
| #define PACKAGE_NAME ""
| #define PACKAGE_TARNAME ""
| #define PACKAGE_VERSION ""
| #define PACKAGE_STRING ""
| #define PACKAGE_BUGREPORT ""
| #define PACKAGE_URL ""
| #define STDC_HEADERS 1
| #define HAVE_SYS_TYPES_H 1
| #define HAVE_SYS_STAT_H 1
| #define HAVE_STDLIB_H 1
| #define HAVE_STRING_H 1
| #define HAVE_MEMORY_H 1
| #define HAVE_STRINGS_H 1
| #define HAVE_INTTYPES_H 1
| #define HAVE_STDINT_H 1
| #define HAVE_UNISTD_H 1
| #define HAVE_SQLITE3_H 1
| #define HAVE_EXPAT_H 1
| /* end confdefs.h.  */
| 
| #include <stdlib.h>
| #include <iconv.h>
| 
| int
| main ()
| {
| 
|   iconv_t cd = iconv_open("", "");
|   iconv(cd, NULL, NULL, NULL, NULL);
| 
|   ;
|   return 0;
| }
configure:23222: gcc -o conftest -g -O2  -DDARWIN -DSIGPROCMASK_SETS_THREAD_MASK -DDARWIN_10  conftest.c -liconv >&5
configure:23222: $? = 0
configure:23400: checking for type of inbuf parameter to iconv
configure:23423: gcc -c -g -O2  -Werror  -DDARWIN -DSIGPROCMASK_SETS_THREAD_MASK -DDARWIN_10 conftest.c >&5
configure:23423: $? = 0
configure:23440: result: char **
configure:23449: checking for iconv.h
configure:23449: result: yes
configure:23449: checking langinfo.h usability
configure:23449: gcc -c -g -O2  -DDARWIN -DSIGPROCMASK_SETS_THREAD_MASK -DDARWIN_10 conftest.c >&5
configure:23449: $? = 0
configure:23449: result: yes
configure:23449: checking langinfo.h presence
configure:23449: gcc -E  -DDARWIN -DSIGPROCMASK_SETS_THREAD_MASK -DDARWIN_10 conftest.c
configure:23449: $? = 0
configure:23449: result: yes
configure:23449: checking for langinfo.h
configure:23449: result: yes
configure:23473: checking for nl_langinfo
configure:23473: gcc -o conftest -g -O2  -DDARWIN -DSIGPROCMASK_SETS_THREAD_MASK -DDARWIN_10  conftest.c  >&5
configure:23473: $? = 0
configure:23473: result: yes
configure:23493: checking for CODESET in langinfo.h
configure:23518: result: yes
configure:23542: checking whether APR has DSO support
configure:23567: result: yes
configure:23652: checking for library containing crypt
configure:23683: gcc -o conftest -g -O2  -DDARWIN -DSIGPROCMASK_SETS_THREAD_MASK -DDARWIN_10  conftest.c  >&5
configure:23683: $? = 0
configure:23700: result: none required
configure:23708: checking if system crypt() function is threadsafe
configure:23718: result: no
configure:23723: checking for crypt_r
configure:23723: gcc -o conftest -g -O2  -DDARWIN -DSIGPROCMASK_SETS_THREAD_MASK -DDARWIN_10  conftest.c  >&5
Undefined symbols for architecture x86_64:
  "_crypt_r", referenced from:
      _main in conftest-57cd69.o
ld: symbol(s) not found for architecture x86_64
clang: error: linker command failed with exit code 1 (use -v to see invocation)
configure:23723: $? = 1
configure: failed program was:
| /* confdefs.h */
| #define PACKAGE_NAME ""
| #define PACKAGE_TARNAME ""
| #define PACKAGE_VERSION ""
| #define PACKAGE_STRING ""
| #define PACKAGE_BUGREPORT ""
| #define PACKAGE_URL ""
| #define STDC_HEADERS 1
| #define HAVE_SYS_TYPES_H 1
| #define HAVE_SYS_STAT_H 1
| #define HAVE_STDLIB_H 1
| #define HAVE_STRING_H 1
| #define HAVE_MEMORY_H 1
| #define HAVE_STRINGS_H 1
| #define HAVE_INTTYPES_H 1
| #define HAVE_STDINT_H 1
| #define HAVE_UNISTD_H 1
| #define HAVE_SQLITE3_H 1
| #define HAVE_EXPAT_H 1
| #define HAVE_ICONV_H 1
| #define HAVE_LANGINFO_H 1
| #define HAVE_NL_LANGINFO 1
| #define HAVE_CODESET 1
| #define APU_DSO_BUILD 1
| /* end confdefs.h.  */
| /* Define crypt_r to an innocuous variant, in case <limits.h> declares crypt_r.
|    For example, HP-UX 11i <limits.h> declares gettimeofday.  */
| #define crypt_r innocuous_crypt_r
| 
| /* System header to define __stub macros and hopefully few prototypes,
|     which can conflict with char crypt_r (); below.
|     Prefer <limits.h> to <assert.h> if __STDC__ is defined, since
|     <limits.h> exists even on freestanding compilers.  */
| 
| #ifdef __STDC__
| # include <limits.h>
| #else
| # include <assert.h>
| #endif
| 
| #undef crypt_r
| 
| /* Override any GCC internal prototype to avoid an error.
|    Use char because int might match the return type of a GCC
|    builtin and then its argument prototype would still apply.  */
| #ifdef __cplusplus
| extern "C"
| #endif
| char crypt_r ();
| /* The GNU C library defines this for functions which it implements
|     to always fail with ENOSYS.  Some functions are actually named
|     something starting with __ and the normal name is an alias.  */
| #if defined __stub_crypt_r || defined __stub___crypt_r
| choke me
| #endif
| 
| int
| main ()
| {
| return crypt_r ();
|   ;
|   return 0;
| }
configure:23723: result: no
configure:23793: checking whether the compiler handles weak symbols
configure:23814: gcc -o conftest -g -O2  -DDARWIN -DSIGPROCMASK_SETS_THREAD_MASK -DDARWIN_10  conftest.c  >&5
configure:23814: $? = 0
configure:23814: ./conftest
configure:23814: $? = 0
configure:23824: result: yes
configure:23833: checking for memset_s support
configure:23855: gcc -o conftest -g -O2  -DDARWIN -DSIGPROCMASK_SETS_THREAD_MASK -DDARWIN_10  conftest.c  >&5
configure:23855: $? = 0
configure:23855: ./conftest
configure:23855: $? = 0
configure:23865: result: yes
configure:23874: checking for explicit_bzero support
configure:23899: gcc -o conftest -g -O2  -DDARWIN -DSIGPROCMASK_SETS_THREAD_MASK -DDARWIN_10  conftest.c  >&5
conftest.c:39:5: warning: implicit declaration of function 'explicit_bzero' is invalid in C99 [-Wimplicit-function-declaration]
    explicit_bzero(buf, sizeof buf);
    ^
1 warning generated.
Undefined symbols for architecture x86_64:
  "_explicit_bzero", referenced from:
      _main in conftest-56a154.o
ld: symbol(s) not found for architecture x86_64
clang: error: linker command failed with exit code 1 (use -v to see invocation)
configure:23899: $? = 1
configure: program exited with status 1
configure: failed program was:
| /* confdefs.h */
| #define PACKAGE_NAME ""
| #define PACKAGE_TARNAME ""
| #define PACKAGE_VERSION ""
| #define PACKAGE_STRING ""
| #define PACKAGE_BUGREPORT ""
| #define PACKAGE_URL ""
| #define STDC_HEADERS 1
| #define HAVE_SYS_TYPES_H 1
| #define HAVE_SYS_STAT_H 1
| #define HAVE_STDLIB_H 1
| #define HAVE_STRING_H 1
| #define HAVE_MEMORY_H 1
| #define HAVE_STRINGS_H 1
| #define HAVE_INTTYPES_H 1
| #define HAVE_STDINT_H 1
| #define HAVE_UNISTD_H 1
| #define HAVE_SQLITE3_H 1
| #define HAVE_EXPAT_H 1
| #define HAVE_ICONV_H 1
| #define HAVE_LANGINFO_H 1
| #define HAVE_NL_LANGINFO 1
| #define HAVE_CODESET 1
| #define APU_DSO_BUILD 1
| #define HAVE_WEAK_SYMBOLS 1
| #define HAVE_MEMSET_S 1
| /* end confdefs.h.  */
| 
| #ifdef HAVE_STRING_H
| #include <string.h>
| #endif
| #ifdef HAVE_STRINGS_H
| #include <strings.h>
| #endif
| 
| int main(int argc, const char **argv)
| {
|     char buf[1] = {1};
|     explicit_bzero(buf, sizeof buf);
|     return *buf != '\0';
| }
configure:23909: result: no
configure:24146: creating ./config.status

## ---------------------- ##
## Running config.status. ##
## ---------------------- ##

This file was extended by config.status, which was
generated by GNU Autoconf 2.69.  Invocation command line was

  CONFIG_FILES    = 
  CONFIG_HEADERS  = 
  CONFIG_LINKS    = 
  CONFIG_COMMANDS = 
  $ ./config.status 

on yaopingzhengdeMacBook-Pro.local

config.status:933: creating Makefile
config.status:933: creating export_vars.sh
config.status:933: creating build/pkg/pkginfo
config.status:933: creating apr-util.pc
config.status:933: creating apu-1-config
config.status:933: creating include/private/apu_select_dbm.h
config.status:933: creating include/apr_ldap.h
config.status:933: creating include/apu.h
config.status:933: creating include/apu_want.h
config.status:933: creating test/Makefile
config.status:933: creating include/private/apu_config.h
config.status:1122: executing default commands

## ---------------- ##
## Cache variables. ##
## ---------------- ##

ac_cv_build=x86_64-apple-darwin19.5.0
ac_cv_c_compiler_gnu=yes
ac_cv_define_CODESET=yes
ac_cv_env_CC_set=
ac_cv_env_CC_value=
ac_cv_env_CFLAGS_set=
ac_cv_env_CFLAGS_value=
ac_cv_env_CPPFLAGS_set=
ac_cv_env_CPPFLAGS_value=
ac_cv_env_CPP_set=
ac_cv_env_CPP_value=
ac_cv_env_LDFLAGS_set=
ac_cv_env_LDFLAGS_value=
ac_cv_env_LIBS_set=
ac_cv_env_LIBS_value=
ac_cv_env_build_alias_set=
ac_cv_env_build_alias_value=
ac_cv_env_host_alias_set=
ac_cv_env_host_alias_value=
ac_cv_env_target_alias_set=
ac_cv_env_target_alias_value=
ac_cv_func_crypt_r=no
ac_cv_func_nl_langinfo=yes
ac_cv_header_iconv_h=yes
ac_cv_header_inttypes_h=yes
ac_cv_header_langinfo_h=yes
ac_cv_header_libpq_fe_h=no
ac_cv_header_memory_h=yes
ac_cv_header_odbc_sql_h=no
ac_cv_header_postgresql_libpq_fe_h=no
ac_cv_header_sql_h=no
ac_cv_header_sqlite3_h=yes
ac_cv_header_sqlite_h=no
ac_cv_header_stdc=yes
ac_cv_header_stdint_h=yes
ac_cv_header_stdlib_h=yes
ac_cv_header_string_h=yes
ac_cv_header_strings_h=yes
ac_cv_header_sys_stat_h=yes
ac_cv_header_sys_types_h=yes
ac_cv_header_unistd_h=yes
ac_cv_host=x86_64-apple-darwin19.5.0
ac_cv_lib_sqlite3_sqlite3_open=yes
ac_cv_mkdir_p=yes
ac_cv_objext=o
ac_cv_path_EGREP='/usr/bin/grep -E'
ac_cv_path_GREP=/usr/bin/grep
ac_cv_path_install='/usr/bin/install -c'
ac_cv_prog_CPP='gcc -E'
ac_cv_prog_ac_ct_CC=gcc
ac_cv_prog_cc_c89=
ac_cv_prog_cc_g=yes
ac_cv_search_crypt='none required'
ac_cv_target=x86_64-apple-darwin19.5.0
apu_cv_aprdso=yes
apu_cv_expat_system=yes
apu_cv_explicit_bzero=no
apu_cv_memset_s=yes
apu_cv_weak_symbols=yes

## ----------------- ##
## Output variables. ##
## ----------------- ##

APRUTIL_DOTTED_VERSION='1.6.1'
APRUTIL_EXPORT_LIBS='-lexpat -liconv'
APRUTIL_INCLUDES=''
APRUTIL_LDFLAGS=''
APRUTIL_LIBNAME='aprutil-${APRUTIL_MAJOR_VERSION}'
APRUTIL_LIBS='-lexpat -liconv /usr/local/apr/lib/libapr-1.la -lpthread'
APRUTIL_MAJOR_VERSION='1'
APRUTIL_PRIV_INCLUDES='-I/Users/yaoping.zheng/Workspace/osx/ffmpeg_sdl_test/lib/apr-util-1.6.1/include -I/Users/yaoping.zheng/Workspace/osx/ffmpeg_sdl_test/lib/apr-util-1.6.1/include/private'
APR_BUILD_DIR='/usr/local/apr/build-1'
APR_ICONV_DIR=''
APR_INCLUDES=' -I/usr/local/apr/include/apr-1 '
APR_LIBS=' /usr/local/apr/lib/libapr-1.la -lpthread'
APU_CONFIG_LOCATION='source'
APU_DSO_LIBDIR='${libdir}/apr-util-1'
APU_HAVE_MODULES='yes'
APU_LTVERSION='-version-info 6:1:6'
APU_MODULES='  dbd/apr_dbd_sqlite3.la'
CC='gcc'
CFLAGS='-g -O2'
CPP='gcc -E'
CPPFLAGS=' -DDARWIN -DSIGPROCMASK_SETS_THREAD_MASK -DDARWIN_10'
DEFS='-DHAVE_CONFIG_H'
ECHO_C='\c'
ECHO_N=''
ECHO_T=''
EGREP='/usr/bin/grep -E'
EXEEXT=''
EXTRA_OBJECTS=''
GREP='/usr/bin/grep'
INCLUDE_OUTPUTS='include /Users/yaoping.zheng/Workspace/osx/ffmpeg_sdl_test/lib/apr-util-1.6.1/build-outputs.mk'
INCLUDE_RULES='include /Users/yaoping.zheng/Workspace/osx/ffmpeg_sdl_test/lib/apr-util-1.6.1/build/rules.mk'
INSTALL_DATA='${INSTALL} -m 644'
INSTALL_PROGRAM='${INSTALL}'
INSTALL_SCRIPT='${INSTALL}'
LDADD_crypto_commoncrypto=''
LDADD_crypto_nss=''
LDADD_crypto_openssl=''
LDADD_dbd_mysql=''
LDADD_dbd_odbc=''
LDADD_dbd_oracle=''
LDADD_dbd_pgsql=''
LDADD_dbd_sqlite2=''
LDADD_dbd_sqlite3=' -lsqlite3'
LDADD_dbm_db=''
LDADD_dbm_gdbm=''
LDADD_dbm_ndbm=''
LDADD_ldap=''
LDFLAGS=''
LIBOBJS=''
LIBS=''
LTLIBOBJS=''
LT_NO_INSTALL=''
MYSQL_CONFIG=''
OBJEXT='o'
ODBC_CONFIG=''
PACKAGE_BUGREPORT=''
PACKAGE_NAME=''
PACKAGE_STRING=''
PACKAGE_TARNAME=''
PACKAGE_URL=''
PACKAGE_VERSION=''
PATH_SEPARATOR=':'
PGSQL_CONFIG=''
PKG_CONFIG=''
SHELL='/bin/sh'
abs_builddir='/Users/yaoping.zheng/Workspace/osx/ffmpeg_sdl_test/lib/apr-util-1.6.1'
abs_srcdir='/Users/yaoping.zheng/Workspace/osx/ffmpeg_sdl_test/lib/apr-util-1.6.1'
ac_ct_CC='gcc'
apr_shlibpath_var='DYLD_LIBRARY_PATH'
apu_db_header='db.h'
apu_db_version='0'
apu_dbd_tests=' sqlite3'
apu_has_ldap='0'
apu_has_ldap_microsoft='0'
apu_has_ldap_mozilla='0'
apu_has_ldap_netscape='0'
apu_has_ldap_novell='0'
apu_has_ldap_openldap='0'
apu_has_ldap_other='0'
apu_has_ldap_solaris='0'
apu_has_ldap_sslinit='0'
apu_has_ldap_start_tls_s='0'
apu_has_ldap_tivoli='0'
apu_has_ldap_zos='0'
apu_has_ldapssl_add_trusted_cert='0'
apu_has_ldapssl_client_deinit='0'
apu_has_ldapssl_client_init='0'
apu_has_ldapssl_init='0'
apu_has_ldapssl_install_routines='0'
apu_have_commoncrypto='0'
apu_have_crypto='0'
apu_have_db='0'
apu_have_gdbm='0'
apu_have_mysql='0'
apu_have_ndbm='0'
apu_have_nss='0'
apu_have_odbc='0'
apu_have_openssl='0'
apu_have_oracle='0'
apu_have_pgsql='0'
apu_have_sdbm='1'
apu_have_sqlite2='0'
apu_have_sqlite3='1'
apu_use_db='0'
apu_use_gdbm='0'
apu_use_ndbm='0'
apu_use_sdbm='1'
bindir='${exec_prefix}/bin'
build='x86_64-apple-darwin19.5.0'
build_alias=''
build_cpu='x86_64'
build_os='darwin19.5.0'
build_vendor='apple'
datadir='${prefix}'
datarootdir='${prefix}/share'
docdir='${datarootdir}/doc/${PACKAGE}'
dvidir='${docdir}'
exec_prefix='${prefix}'
have_apr_iconv='0'
have_iconv='1'
host='x86_64-apple-darwin19.5.0'
host_alias=''
host_cpu='x86_64'
host_os='darwin19.5.0'
host_vendor='apple'
htmldir='${docdir}'
includedir='${prefix}/include/apr-${APRUTIL_MAJOR_VERSION}'
infodir='${datarootdir}/info'
lber_h=''
ldap_h=''
ldap_ssl_h=''
lib_target='-rpath $(libdir) $(OBJECTS)'
libdir='${exec_prefix}/lib'
libexecdir='${exec_prefix}/modules'
localedir='${datarootdir}/locale'
localstatedir='${prefix}'
mandir='${prefix}/man'
oldincludedir='/usr/include'
pdfdir='${docdir}'
prefix='/usr/local/apr'
program_transform_name='s,x,x,'
psdir='${docdir}'
sbindir='${exec_prefix}/bin'
sharedstatedir='${prefix}/com'
so_ext='lo'
sysconfdir='${prefix}/conf'
target='x86_64-apple-darwin19.5.0'
target_alias=''
target_cpu='x86_64'
target_os='darwin19.5.0'
target_vendor='apple'
top_builddir='/Users/yaoping.zheng/Workspace/osx/ffmpeg_sdl_test/lib/apr-util-1.6.1'

## ----------- ##
## confdefs.h. ##
## ----------- ##

/* confdefs.h */
#define PACKAGE_NAME ""
#define PACKAGE_TARNAME ""
#define PACKAGE_VERSION ""
#define PACKAGE_STRING ""
#define PACKAGE_BUGREPORT ""
#define PACKAGE_URL ""
#define STDC_HEADERS 1
#define HAVE_SYS_TYPES_H 1
#define HAVE_SYS_STAT_H 1
#define HAVE_STDLIB_H 1
#define HAVE_STRING_H 1
#define HAVE_MEMORY_H 1
#define HAVE_STRINGS_H 1
#define HAVE_INTTYPES_H 1
#define HAVE_STDINT_H 1
#define HAVE_UNISTD_H 1
#define HAVE_SQLITE3_H 1
#define HAVE_EXPAT_H 1
#define HAVE_ICONV_H 1
#define HAVE_LANGINFO_H 1
#define HAVE_NL_LANGINFO 1
#define HAVE_CODESET 1
#define APU_DSO_BUILD 1
#define HAVE_WEAK_SYMBOLS 1
#define HAVE_MEMSET_S 1
#define APU_DSO_LIBDIR "/usr/local/apr/lib/apr-util-1"

configure: exit 0
